c:\users\владик\downloads\chm\чм\graph\debug\vc141.pdb
c:\users\владик\downloads\chm\чм\graph\debug\.netframework,version=v4.5.2.assemblyattributes.obj
c:\users\владик\downloads\chm\чм\graph\debug\.netframework,version=v4.5.2.assemblyattributes.asm
c:\users\владик\downloads\chm\чм\graph\debug\test.obj
c:\users\владик\downloads\chm\чм\graph\debug\myform.obj
c:\users\владик\downloads\chm\чм\graph\debug\zedgraph.dll
c:\users\владик\downloads\chm\чм\graph\debug\zedgraph.xml
c:\users\владик\downloads\chm\чм\graph\debug\de\zedgraph.resources.dll
c:\users\владик\downloads\chm\чм\graph\debug\es\zedgraph.resources.dll
c:\users\владик\downloads\chm\чм\graph\debug\fr\zedgraph.resources.dll
c:\users\владик\downloads\chm\чм\graph\debug\hu\zedgraph.resources.dll
c:\users\владик\downloads\chm\чм\graph\debug\it\zedgraph.resources.dll
c:\users\владик\downloads\chm\чм\graph\debug\ja\zedgraph.resources.dll
c:\users\владик\downloads\chm\чм\graph\debug\pt\zedgraph.resources.dll
c:\users\владик\downloads\chm\чм\graph\debug\ru\zedgraph.resources.dll
c:\users\владик\downloads\chm\чм\graph\debug\sk\zedgraph.resources.dll
c:\users\владик\downloads\chm\чм\graph\debug\sv\zedgraph.resources.dll
c:\users\владик\downloads\chm\чм\graph\debug\tr\zedgraph.resources.dll
c:\users\владик\downloads\chm\чм\graph\debug\zh-cn\zedgraph.resources.dll
c:\users\владик\downloads\chm\чм\graph\debug\zh-tw\zedgraph.resources.dll
c:\users\владик\downloads\chm\чм\graph\debug\graph.myform.resources
c:\users\владик\downloads\chm\чм\graph\debug\graph.exe
c:\users\владик\downloads\chm\чм\graph\debug\graph.pdb
c:\users\владик\downloads\chm\чм\graph\debug\graph.tlog\metagen.write.1.tlog
c:\users\владик\downloads\chm\чм\graph\debug\graph.vcxproj.generateresource.cache
c:\users\владик\downloads\chm\чм\graph\debug\graph.vcxprojassemblyreference.cache
c:\users\владик\downloads\chm\чм\graph\debug\graph.exe.metagen
c:\users\владик\downloads\chm\чм\graph\debug\graph.tlog\cl.command.1.tlog
c:\users\владик\downloads\chm\чм\graph\debug\graph.tlog\cl.read.1.tlog
c:\users\владик\downloads\chm\чм\graph\debug\graph.tlog\cl.write.1.tlog
c:\users\владик\downloads\chm\чм\graph\debug\graph.tlog\graph.write.1u.tlog
c:\users\владик\downloads\chm\чм\graph\debug\graph.tlog\link.command.1.tlog
c:\users\владик\downloads\chm\чм\graph\debug\graph.tlog\link.read.1.tlog
c:\users\владик\downloads\chm\чм\graph\debug\graph.tlog\link.write.1.tlog
c:\users\владик\downloads\chm\чм\graph\debug\graph.tlog\metagen.read.1.tlog
c:\users\владик\downloads\chm\чм\graph\debug\graph.tlog\zedgraph.dll.metagen
c:\users\владик\downloads\chm\чм\graph\debug\graph.tlog\tzres.dll.bi
